<?xml version="1.0" encoding="UTF-8"?>
<testsuite name="BlockchainTest" tests="1" skipped="0" failures="0" errors="0" timestamp="2023-03-28T20:13:11" hostname="C9607" time="0.466">
  <properties/>
  <testcase name="start" classname="BlockchainTest" time="0.466"/>
  <system-out><![CDATA[?[1;31m
Start test 1?[0m
Block:
Created by miner # 2
Id: 1
Timestamp: 1680034391675
Magic number: 4351318890593671518
Hash of the previous block:
0
Hash of the block:
da39de5d859335b02754bbdc3de4ce1069fea66130a5331a6ad0a54c870f3370
Block was generating for 0 seconds
N was increased to 1

Block:
Created by miner # 3
Id: 2
Timestamp: 1680034391689
Magic number: 8728799138671260978
Hash of the previous block:
da39de5d859335b02754bbdc3de4ce1069fea66130a5331a6ad0a54c870f3370
Hash of the block:
0de5ae367e9b3b814e7c4d39f94f252e49a3273863b2eaf221bd42c9e07006f1
Block was generating for 0 seconds
N was increased to 2

Block:
Created by miner # 5
Id: 3
Timestamp: 1680034391690
Magic number: 7255023522605010474
Hash of the previous block:
0de5ae367e9b3b814e7c4d39f94f252e49a3273863b2eaf221bd42c9e07006f1
Hash of the block:
009da1400c75490f56785f9e5846eb9b6e9e15ef3f981318f5adab2cbd9605d9
Block was generating for 0 seconds
N was increased to 3

Block:
Created by miner # 1
Id: 4
Timestamp: 1680034391707
Magic number: -6570334790613806808
Hash of the previous block:
009da1400c75490f56785f9e5846eb9b6e9e15ef3f981318f5adab2cbd9605d9
Hash of the block:
000d85ef497287d3881c90e3048f09e9d065abf7743b879998a48f1287246f98
Block was generating for 0 seconds
N was increased to 4

Block:
Created by miner # 4
Id: 5
Timestamp: 1680034391763
Magic number: 7141705160485337125
Hash of the previous block:
000d85ef497287d3881c90e3048f09e9d065abf7743b879998a48f1287246f98
Hash of the block:
00002ba197b2dc6dc38abf4aa54877abdd6bc79b7e6f4db6f8773615af949e2a
Block was generating for 0 seconds
N was increased to 5

?[1;31m
Start test 2?[0m
Block:
Created by miner # 4
Id: 1
Timestamp: 1680034391864
Magic number: 5934384357266957327
Hash of the previous block:
0
Hash of the block:
bd722d400957a89ff22e1efe9f94359620b766025a12ec99d4dff70ba9dc4424
Block was generating for 0 seconds
N was increased to 1

Block:
Created by miner # 3
Id: 2
Timestamp: 1680034391866
Magic number: -4239660510158034516
Hash of the previous block:
bd722d400957a89ff22e1efe9f94359620b766025a12ec99d4dff70ba9dc4424
Hash of the block:
0624c9dfa1cda7f3003758f10d6a0c18470851632b39390058c5332342e86720
Block was generating for 0 seconds
N was increased to 2

Block:
Created by miner # 5
Id: 3
Timestamp: 1680034391866
Magic number: 4599440425396378616
Hash of the previous block:
0624c9dfa1cda7f3003758f10d6a0c18470851632b39390058c5332342e86720
Hash of the block:
0086110ec0a85b7d224a4527f484f698944cde14606af0f1bf9cf4710b4361ec
Block was generating for 0 seconds
N was increased to 3

Block:
Created by miner # 1
Id: 4
Timestamp: 1680034391875
Magic number: 6377805524695157168
Hash of the previous block:
0086110ec0a85b7d224a4527f484f698944cde14606af0f1bf9cf4710b4361ec
Hash of the block:
0001656534c5b17809759b7cdc5b113c81152e35b6c084b6821b53579f8b1c09
Block was generating for 0 seconds
N was increased to 4

Block:
Created by miner # 2
Id: 5
Timestamp: 1680034391934
Magic number: 9121273692940678543
Hash of the previous block:
0001656534c5b17809759b7cdc5b113c81152e35b6c084b6821b53579f8b1c09
Hash of the block:
00006493caf1ad5bc3dda96cadb32d315a987b769fb25f9fa8256d027c47bc51
Block was generating for 0 seconds
N was increased to 5

]]></system-out>
  <system-err><![CDATA[]]></system-err>
</testsuite>
